<?xml version="1.0" encoding="UTF-8"?>
<!-- Generated by org.testng.reporters.JUnitReportReporter -->
<testsuite hostname="HP" failures="0" tests="3" name="timeoutWithinvocationCountTestNG.InvocationCountTestNG2" time="16.082" errors="0" timestamp="2024-08-09T15:45:46 IST" skipped="0">
  <testcase classname="timeoutWithinvocationCountTestNG.InvocationCountTestNG2" name="site" time="4.538"/>
  <testcase classname="timeoutWithinvocationCountTestNG.InvocationCountTestNG2" name="site" time="4.804"/>
  <testcase classname="timeoutWithinvocationCountTestNG.InvocationCountTestNG2" name="site" time="6.740"/>
</testsuite> <!-- timeoutWithinvocationCountTestNG.InvocationCountTestNG2 -->
