<?xml version="1.0" encoding="UTF-8"?>
<!-- Generated by org.testng.reporters.JUnitReportReporter -->
<testsuite hostname="HP" failures="0" tests="2" name="dependenciesInTestNG.TestfireSite" time="8.352" errors="0" timestamp="2024-09-01T15:42:36 IST" skipped="0">
  <testcase classname="dependenciesInTestNG.TestfireSite" name="verifylogin" time="0.050"/>
  <testcase classname="dependenciesInTestNG.TestfireSite" name="applogin" time="8.302"/>
</testsuite> <!-- dependenciesInTestNG.TestfireSite -->
