<?xml version="1.0" encoding="UTF-8"?>
<!-- Generated by org.testng.reporters.JUnitReportReporter -->
<testsuite hostname="HP" failures="0" tests="1" name="testNG.NewTest" time="0.015" errors="0" timestamp="2024-09-14T13:43:55 IST" skipped="0">
  <testcase classname="testNG.NewTest" name="Testcase" time="0.015"/>
</testsuite> <!-- testNG.NewTest -->
