<?xml version="1.0" encoding="UTF-8"?>
<!-- Generated by org.testng.reporters.JUnitReportReporter -->
<testsuite hostname="HP" failures="0" tests="1" name="extentReportInTestNG.LogsInTest" time="1.235" errors="0" timestamp="2024-09-02T10:18:21 IST" skipped="0">
  <testcase classname="extentReportInTestNG.LogsInTest" name="log" time="1.235"/>
</testsuite> <!-- extentReportInTestNG.LogsInTest -->
