<?xml version="1.0" encoding="UTF-8"?>
<!-- Generated by org.testng.reporters.JUnitReportReporter -->
<testsuite hostname="HP" failures="0" tests="5" name="priorityinTestNG.IgnoreTestCase" time="0.035" errors="0" timestamp="2024-07-31T18:08:21 IST" skipped="0">
  <testcase classname="priorityinTestNG.IgnoreTestCase" name="TC001" time="0.016"/>
  <testcase classname="priorityinTestNG.IgnoreTestCase" name="TC005" time="0.006"/>
  <testcase classname="priorityinTestNG.IgnoreTestCase" name="TC003" time="0.005"/>
  <testcase classname="priorityinTestNG.IgnoreTestCase" name="TC004" time="0.006"/>
  <testcase classname="priorityinTestNG.IgnoreTestCase" name="TC002" time="0.002"/>
</testsuite> <!-- priorityinTestNG.IgnoreTestCase -->
