<?xml version="1.0" encoding="UTF-8"?>
<!-- Generated by org.testng.reporters.JUnitReportReporter -->
<testsuite hostname="HP" failures="0" tests="2" name="dataproviderinTestNG.Demo2DArray" time="0.019" errors="0" timestamp="2024-08-05T15:30:45 IST" skipped="0">
  <testcase classname="dataproviderinTestNG.Demo2DArray" name="Test2" time="0.012"/>
  <testcase classname="dataproviderinTestNG.Demo2DArray" name="Test2" time="0.007"/>
</testsuite> <!-- dataproviderinTestNG.Demo2DArray -->
