<?xml version="1.0" encoding="UTF-8"?>
<!-- Generated by org.testng.reporters.JUnitReportReporter -->
<testsuite hostname="HP" failures="0" tests="5" name="groupsInTestNG.Group2" time="0.036" errors="0" timestamp="2024-08-05T10:41:39 IST" skipped="0">
  <testcase classname="groupsInTestNG.Group2" name="TC012" time="0.017"/>
  <testcase classname="groupsInTestNG.Group2" name="TC018" time="0.007"/>
  <testcase classname="groupsInTestNG.Group2" name="TC015" time="0.004"/>
  <testcase classname="groupsInTestNG.Group2" name="TC014" time="0.003"/>
  <testcase classname="groupsInTestNG.Group2" name="TC016" time="0.005"/>
</testsuite> <!-- groupsInTestNG.Group2 -->
