<?xml version="1.0" encoding="UTF-8"?>
<!-- Generated by org.testng.reporters.JUnitReportReporter -->
<testsuite hostname="HP" failures="0" tests="2" name="testNG.LoginTest" time="7.219" errors="0" timestamp="2024-08-04T22:29:14 IST" skipped="0">
  <testcase classname="testNG.LoginTest" name="verifylogin" time="0.116"/>
  <testcase classname="testNG.LoginTest" name="applogin" time="7.103"/>
</testsuite> <!-- testNG.LoginTest -->
