<?xml version="1.0" encoding="UTF-8"?>
<!-- Generated by org.testng.reporters.JUnitReportReporter -->
<testsuite hostname="HP" failures="0" tests="2" name="priorityinTestNG.IgnoreTestCase1" time="0.021" errors="0" timestamp="2024-08-01T11:46:44 IST" skipped="1">
  <testcase classname="priorityinTestNG.IgnoreTestCase1" name="TC005" time="0.021"/>
  <testcase classname="priorityinTestNG.IgnoreTestCase1" name="TC003">
    <skipped/>
  </testcase> <!-- TC003 -->
</testsuite> <!-- priorityinTestNG.IgnoreTestCase1 -->
