<?xml version="1.0" encoding="UTF-8"?>
<!-- Generated by org.testng.reporters.JUnitReportReporter -->
<testsuite hostname="HP" failures="0" tests="1" name="extentReportInTestNG.AttachScreenShot" time="20.117" errors="0" timestamp="2024-09-02T15:51:10 IST" skipped="0">
  <testcase classname="extentReportInTestNG.AttachScreenShot" name="log" time="20.117"/>
</testsuite> <!-- extentReportInTestNG.AttachScreenShot -->
