<?xml version="1.0" encoding="UTF-8"?>
<!-- Generated by org.testng.reporters.JUnitReportReporter -->
<testsuite hostname="HP" failures="0" tests="3" name="timeoutWithinvocationCountTestNG.InvocationCountTestNG" time="21.867" errors="0" timestamp="2024-08-09T15:44:43 IST" skipped="0">
  <testcase classname="timeoutWithinvocationCountTestNG.InvocationCountTestNG" name="check" time="8.394"/>
  <testcase classname="timeoutWithinvocationCountTestNG.InvocationCountTestNG" name="check" time="6.752"/>
  <testcase classname="timeoutWithinvocationCountTestNG.InvocationCountTestNG" name="check" time="6.721"/>
</testsuite> <!-- timeoutWithinvocationCountTestNG.InvocationCountTestNG -->
