<?xml version="1.0" encoding="UTF-8"?>
<!-- Generated by org.testng.reporters.JUnitReportReporter -->
<testsuite hostname="HP" failures="0" tests="1" name="testNG.LoginTest" time="3.187" errors="0" timestamp="2024-09-14T13:30:32 IST" skipped="0">
  <testcase classname="testNG.LoginTest" name="applogin" time="3.187"/>
</testsuite> <!-- testNG.LoginTest -->
