<?xml version="1.0" encoding="UTF-8"?>
<!-- Generated by org.testng.reporters.JUnitReportReporter -->
<testsuite hostname="HP" failures="0" tests="4" name="dataproviderinTestNG.Demo1" time="0.025" errors="0" timestamp="2024-08-05T12:04:55 IST" skipped="0">
  <testcase classname="dataproviderinTestNG.Demo1" name="Test2" time="0.005"/>
  <testcase classname="dataproviderinTestNG.Demo1" name="Test2" time="0.010"/>
  <testcase classname="dataproviderinTestNG.Demo1" name="Test2" time="0.004"/>
  <testcase classname="dataproviderinTestNG.Demo1" name="Test2" time="0.006"/>
</testsuite> <!-- dataproviderinTestNG.Demo1 -->
