<?xml version="1.0" encoding="UTF-8"?>
<!-- Generated by org.testng.reporters.JUnitReportReporter -->
<testsuite hostname="HP" failures="0" tests="5" name="testNG.TestCasePriortize" time="0.032" errors="0" timestamp="2024-07-31T17:45:09 IST" skipped="0">
  <testcase classname="testNG.TestCasePriortize" name="Signin" time="0.016"/>
  <testcase classname="testNG.TestCasePriortize" name="SearchFlight" time="0.008"/>
  <testcase classname="testNG.TestCasePriortize" name="BookFlight" time="0.003"/>
  <testcase classname="testNG.TestCasePriortize" name="SaveTicket" time="0.003"/>
  <testcase classname="testNG.TestCasePriortize" name="Logout" time="0.002"/>
</testsuite> <!-- testNG.TestCasePriortize -->
