<?xml version="1.0" encoding="UTF-8"?>
<!-- Generated by org.testng.reporters.JUnitReportReporter -->
<testsuite hostname="HP" failures="0" tests="1" name="extentReportInTestNG.LogWithInfo" time="1.340" errors="0" timestamp="2024-09-06T13:44:38 IST" skipped="0">
  <testcase classname="extentReportInTestNG.LogWithInfo" name="log" time="1.340"/>
</testsuite> <!-- extentReportInTestNG.LogWithInfo -->
