<?xml version="1.0" encoding="UTF-8"?>
<!-- Generated by org.testng.reporters.JUnitReportReporter -->
<testsuite hostname="HP" failures="0" tests="1" name="workingWithExcel.ExcelFile" time="1.166" errors="0" timestamp="2024-08-12T10:14:46 IST" skipped="0">
  <testcase classname="workingWithExcel.ExcelFile" name="excelcode" time="1.166"/>
</testsuite> <!-- workingWithExcel.ExcelFile -->
