<?xml version="1.0" encoding="UTF-8"?>
<!-- Generated by org.testng.reporters.JUnitReportReporter -->
<testsuite hostname="HP" failures="0" tests="1" name="extentReportInTestNG.Reports" time="1.220" errors="0" timestamp="2024-09-01T15:48:00 IST" skipped="0">
  <testcase classname="extentReportInTestNG.Reports" name="repo" time="1.220"/>
</testsuite> <!-- extentReportInTestNG.Reports -->
