<?xml version="1.0" encoding="UTF-8"?>
<!-- Generated by org.testng.reporters.JUnitReportReporter -->
<testsuite hostname="HP" failures="0" tests="3" name="testingPractice.Annotations" time="24.664" errors="0" timestamp="2024-09-11T10:45:36 IST" skipped="0">
  <testcase classname="testingPractice.Annotations" name="createFirstTest" time="9.201"/>
  <testcase classname="testingPractice.Annotations" name="createSecondTest" time="7.943"/>
  <testcase classname="testingPractice.Annotations" name="createThirdTest" time="7.520"/>
</testsuite> <!-- testingPractice.Annotations -->
