<?xml version="1.0" encoding="UTF-8"?>
<!-- Generated by org.testng.reporters.JUnitReportReporter -->
<testsuite hostname="HP" failures="0" tests="1" name="extentReportInTestNG.AttachScreenShot" time="11.048" errors="0" timestamp="2024-09-17T11:50:20 IST" skipped="0">
  <testcase classname="extentReportInTestNG.AttachScreenShot" name="log" time="11.048"/>
</testsuite> <!-- extentReportInTestNG.AttachScreenShot -->
