<?xml version="1.0" encoding="UTF-8"?>
<!-- Generated by org.testng.reporters.JUnitReportReporter -->
<testsuite hostname="HP" failures="0" tests="5" name="priorityinTestNG.IgnoreTestCase2" time="0.026" errors="0" timestamp="2024-08-01T11:46:44 IST" skipped="0">
  <testcase classname="priorityinTestNG.IgnoreTestCase2" name="TC009" time="0.002"/>
  <testcase classname="priorityinTestNG.IgnoreTestCase2" name="TC010" time="0.014"/>
  <testcase classname="priorityinTestNG.IgnoreTestCase2" name="TC008" time="0.003"/>
  <testcase classname="priorityinTestNG.IgnoreTestCase2" name="TC007" time="0.004"/>
  <testcase classname="priorityinTestNG.IgnoreTestCase2" name="TC006" time="0.003"/>
</testsuite> <!-- priorityinTestNG.IgnoreTestCase2 -->
