<?xml version="1.0" encoding="UTF-8"?>
<!-- Generated by org.testng.reporters.JUnitReportReporter -->
<testsuite hostname="HP" failures="0" tests="4" name="testNG.OrangeHrm" time="51.675" errors="0" timestamp="2024-09-15T20:39:24 IST" skipped="0">
  <testcase classname="testNG.OrangeHrm" name="hrm" time="13.855"/>
  <testcase classname="testNG.OrangeHrm" name="wiki" time="10.815"/>
  <testcase classname="testNG.OrangeHrm" name="youtube" time="16.788"/>
  <testcase classname="testNG.OrangeHrm" name="login" time="10.217"/>
</testsuite> <!-- testNG.OrangeHrm -->
