<?xml version="1.0" encoding="UTF-8"?>
<!-- Generated by org.testng.reporters.JUnitReportReporter -->
<testsuite hostname="HP" failures="0" tests="5" name="ignoreTestinTestNG.EnabledKeyword" time="0.087" errors="0" timestamp="2024-08-05T10:20:56 IST" skipped="1">
  <testcase classname="ignoreTestinTestNG.EnabledKeyword" name="TC005" time="0.011"/>
  <testcase classname="ignoreTestinTestNG.EnabledKeyword" name="TC002" time="0.014"/>
  <testcase classname="ignoreTestinTestNG.EnabledKeyword" name="TC004" time="0.010"/>
  <testcase classname="ignoreTestinTestNG.EnabledKeyword" name="TC001" time="0.052"/>
  <testcase classname="ignoreTestinTestNG.EnabledKeyword" name="TC003">
    <skipped/>
  </testcase> <!-- TC003 -->
</testsuite> <!-- ignoreTestinTestNG.EnabledKeyword -->
