<?xml version="1.0" encoding="UTF-8"?>
<!-- Generated by org.testng.reporters.JUnitReportReporter -->
<testsuite hostname="HP" failures="0" tests="2" name="ignoreTestinTestNG.IgnoreTestCase2" time="0.040" errors="0" timestamp="2024-08-08T10:21:24 IST" skipped="0">
  <testcase classname="ignoreTestinTestNG.IgnoreTestCase2" name="TC009" time="0.032"/>
  <testcase classname="ignoreTestinTestNG.IgnoreTestCase2" name="TC008" time="0.008"/>
</testsuite> <!-- ignoreTestinTestNG.IgnoreTestCase2 -->
