<?xml version="1.0" encoding="UTF-8"?>
<!-- Generated by org.testng.reporters.JUnitReportReporter -->
<testsuite hostname="HP" failures="0" tests="5" name="priorityinTestNG.UsingXMLfile" time="0.033" errors="0" timestamp="2024-07-31T17:55:28 IST" skipped="0">
  <testcase classname="priorityinTestNG.UsingXMLfile" name="Logout" time="0.004"/>
  <testcase classname="priorityinTestNG.UsingXMLfile" name="BookFlight" time="0.004"/>
  <testcase classname="priorityinTestNG.UsingXMLfile" name="SearchFlight" time="0.003"/>
  <testcase classname="priorityinTestNG.UsingXMLfile" name="Signin" time="0.015"/>
  <testcase classname="priorityinTestNG.UsingXMLfile" name="SaveTicket" time="0.007"/>
</testsuite> <!-- priorityinTestNG.UsingXMLfile -->
