<?xml version="1.0" encoding="UTF-8"?>
<!-- Generated by org.testng.reporters.JUnitReportReporter -->
<testsuite hostname="HP" failures="0" tests="9" name="groupsInTestNG.Group1" time="0.089" errors="0" timestamp="2024-09-01T15:41:38 IST" skipped="0">
  <testcase classname="groupsInTestNG.Group1" name="TC002" time="0.002"/>
  <testcase classname="groupsInTestNG.Group1" name="TC005" time="0.009"/>
  <testcase classname="groupsInTestNG.Group1" name="TC004" time="0.008"/>
  <testcase classname="groupsInTestNG.Group1" name="TC009" time="0.006"/>
  <testcase classname="groupsInTestNG.Group1" name="TC008" time="0.006"/>
  <testcase classname="groupsInTestNG.Group1" name="TC001" time="0.021"/>
  <testcase classname="groupsInTestNG.Group1" name="TC006" time="0.008"/>
  <testcase classname="groupsInTestNG.Group1" name="TC003" time="0.021"/>
  <testcase classname="groupsInTestNG.Group1" name="TC007" time="0.008"/>
</testsuite> <!-- groupsInTestNG.Group1 -->
