<?xml version="1.0" encoding="UTF-8"?>
<!-- Generated by org.testng.reporters.JUnitReportReporter -->
<testsuite hostname="HP" failures="0" tests="9" name="groupsInTestNG.Group2" time="0.062" errors="0" timestamp="2024-09-16T16:44:09 IST" skipped="0">
  <testcase classname="groupsInTestNG.Group2" name="TC014" time="0.005"/>
  <testcase classname="groupsInTestNG.Group2" name="TC010" time="0.015"/>
  <testcase classname="groupsInTestNG.Group2" name="TC013" time="0.006"/>
  <testcase classname="groupsInTestNG.Group2" name="TC011" time="0.007"/>
  <testcase classname="groupsInTestNG.Group2" name="TC012" time="0.008"/>
  <testcase classname="groupsInTestNG.Group2" name="TC016" time="0.004"/>
  <testcase classname="groupsInTestNG.Group2" name="TC015" time="0.002"/>
  <testcase classname="groupsInTestNG.Group2" name="TC017" time="0.005"/>
  <testcase classname="groupsInTestNG.Group2" name="TC018" time="0.010"/>
</testsuite> <!-- groupsInTestNG.Group2 -->
