<?xml version="1.0" encoding="UTF-8"?>
<!-- Generated by org.testng.reporters.JUnitReportReporter -->
<testsuite hostname="HP" failures="0" tests="3" name="dataproviderinTestNG.LoginPageDataprovider" time="0.019" errors="0" timestamp="2024-08-05T11:54:36 IST" skipped="0">
  <testcase classname="dataproviderinTestNG.LoginPageDataprovider" name="Test" time="0.003"/>
  <testcase classname="dataproviderinTestNG.LoginPageDataprovider" name="Test" time="0.013"/>
  <testcase classname="dataproviderinTestNG.LoginPageDataprovider" name="Test" time="0.003"/>
</testsuite> <!-- dataproviderinTestNG.LoginPageDataprovider -->
