<?xml version="1.0" encoding="UTF-8"?>
<!-- Generated by org.testng.reporters.JUnitReportReporter -->
<testsuite hostname="HP" failures="0" tests="5" name="priorityinTestNG.TestCasePriortize" time="0.005" errors="0" timestamp="2024-09-14T13:35:01 IST" skipped="0">
  <testcase classname="priorityinTestNG.TestCasePriortize" name="Signin" time="0.000"/>
  <testcase classname="priorityinTestNG.TestCasePriortize" name="SearchFlight" time="0.001"/>
  <testcase classname="priorityinTestNG.TestCasePriortize" name="BookFlight" time="0.003"/>
  <testcase classname="priorityinTestNG.TestCasePriortize" name="SaveTicket" time="0.000"/>
  <testcase classname="priorityinTestNG.TestCasePriortize" name="Logout" time="0.001"/>
</testsuite> <!-- priorityinTestNG.TestCasePriortize -->
