<?xml version="1.0" encoding="UTF-8"?>
<!-- Generated by org.testng.reporters.JUnitReportReporter -->
<testsuite hostname="HP" failures="0" tests="1" name="pageFactoryinTestNG.LoginTest" time="5.956" errors="0" timestamp="2024-09-14T16:34:20 IST" skipped="0">
  <testcase classname="pageFactoryinTestNG.LoginTest" name="AppTest" time="5.956"/>
</testsuite> <!-- pageFactoryinTestNG.LoginTest -->
