<?xml version="1.0" encoding="UTF-8"?>
<!-- Generated by org.testng.reporters.JUnitReportReporter -->
<testsuite hostname="HP" failures="0" tests="2" name="testNG.LoginTest" time="4.142" errors="0" timestamp="2024-09-14T16:34:20 IST" skipped="0">
  <testcase classname="testNG.LoginTest" name="verifylogin" time="0.069"/>
  <testcase classname="testNG.LoginTest" name="applogin" time="4.073"/>
</testsuite> <!-- testNG.LoginTest -->
