<?xml version="1.0" encoding="UTF-8"?>
<!-- Generated by org.testng.reporters.JUnitReportReporter -->
<testsuite hostname="HP" failures="0" tests="1" name="log4JinTestNG.LoginTest" time="8.171" errors="0" timestamp="2024-09-14T16:34:20 IST" skipped="0">
  <testcase classname="log4JinTestNG.LoginTest" name="siteTest" time="8.171"/>
</testsuite> <!-- log4JinTestNG.LoginTest -->
