<?xml version="1.0" encoding="UTF-8"?>
<!-- Generated by org.testng.reporters.JUnitReportReporter -->
<testsuite hostname="HP" failures="0" tests="1" name="extentReportInTestNG.LogsInTest" time="1.015" errors="0" timestamp="2024-09-14T16:34:20 IST" skipped="0">
  <testcase classname="extentReportInTestNG.LogsInTest" name="log" time="1.015"/>
</testsuite> <!-- extentReportInTestNG.LogsInTest -->
