<?xml version="1.0" encoding="UTF-8"?>
<!-- Generated by org.testng.reporters.JUnitReportReporter -->
<testsuite hostname="HP" failures="0" tests="1" name="extentReportInTestNG.LogsInTest" time="1.382" errors="0" timestamp="2024-09-14T13:35:01 IST" skipped="0">
  <testcase classname="extentReportInTestNG.LogsInTest" name="log" time="1.382"/>
</testsuite> <!-- extentReportInTestNG.LogsInTest -->
