<?xml version="1.0" encoding="UTF-8"?>
<!-- Generated by org.testng.reporters.JUnitReportReporter -->
<testsuite hostname="HP" failures="0" tests="2" name="dependenciesInTestNG.TestfireSite" time="2.471" errors="0" timestamp="2024-09-14T16:34:20 IST" skipped="0">
  <testcase classname="dependenciesInTestNG.TestfireSite" name="verifylogin" time="0.073"/>
  <testcase classname="dependenciesInTestNG.TestfireSite" name="applogin" time="2.398"/>
</testsuite> <!-- dependenciesInTestNG.TestfireSite -->
