<?xml version="1.0" encoding="UTF-8"?>
<!-- Generated by org.testng.reporters.JUnitReportReporter -->
<testsuite hostname="HP" failures="0" tests="1" name="workingWithExcel.TestNGExcelFile" time="1.565" errors="0" timestamp="2024-09-14T16:34:20 IST" skipped="0">
  <testcase classname="workingWithExcel.TestNGExcelFile" name="excelcode" time="1.565"/>
</testsuite> <!-- workingWithExcel.TestNGExcelFile -->
