<?xml version="1.0" encoding="UTF-8"?>
<!-- Generated by org.testng.reporters.JUnitReportReporter -->
<testsuite hostname="HP" failures="0" tests="3" name="listnersInTestNG.TestCases" time="7.505" errors="0" timestamp="2024-09-14T13:56:28 IST" skipped="0">
  <testcase classname="listnersInTestNG.TestCases" name="testToscreenshot" time="0.055"/>
  <testcase classname="listnersInTestNG.TestCases" name="timeout" time="0.001"/>
  <testcase classname="listnersInTestNG.TestCases" name="login" time="7.449"/>
</testsuite> <!-- listnersInTestNG.TestCases -->
