<?xml version="1.0" encoding="UTF-8"?>
<!-- Generated by org.testng.reporters.JUnitReportReporter -->
<testsuite hostname="HP" failures="0" tests="1" name="log4JinTestNG.LoginTest" time="7.589" errors="0" timestamp="2024-09-14T13:35:01 IST" skipped="0">
  <testcase classname="log4JinTestNG.LoginTest" name="siteTest" time="7.589"/>
</testsuite> <!-- log4JinTestNG.LoginTest -->
