<?xml version="1.0" encoding="UTF-8"?>
<!-- Generated by org.testng.reporters.JUnitReportReporter -->
<testsuite hostname="HP" failures="0" tests="3" name="listnersInTestNG.TestCases" time="6.213" errors="0" timestamp="2024-09-16T10:55:04 IST" skipped="0">
  <testcase classname="listnersInTestNG.TestCases" name="testToscreenshot" time="0.063"/>
  <testcase classname="listnersInTestNG.TestCases" name="timeout" time="0.003"/>
  <testcase classname="listnersInTestNG.TestCases" name="login" time="6.147"/>
</testsuite> <!-- listnersInTestNG.TestCases -->
