<?xml version="1.0" encoding="UTF-8"?>
<!-- Generated by org.testng.reporters.JUnitReportReporter -->
<testsuite hostname="HP" failures="0" tests="2" name="dependenciesInTestNG.TestfireSite" time="3.704" errors="0" timestamp="2024-09-14T13:35:01 IST" skipped="0">
  <testcase classname="dependenciesInTestNG.TestfireSite" name="applogin" time="3.599"/>
  <testcase classname="dependenciesInTestNG.TestfireSite" name="verifylogin" time="0.105"/>
</testsuite> <!-- dependenciesInTestNG.TestfireSite -->
